-------------------------------------------------------------------------------
Test set: ActiveMQTest
-------------------------------------------------------------------------------
Tests run: 1, Failures: 0, Errors: 1, Skipped: 0, Time elapsed: 5.492 sec <<< FAILURE!
testSendToTcp(ActiveMQTest)  Time elapsed: 5.391 sec  <<< ERROR!
org.apache.camel.FailedToCreateRouteException: Failed to create route route1 at: >>> To[activemq:operations] <<< in route: Route[[From[mina:tcp://localhost:8999?textline=true&sync=fal... because of Failed to resolve endpoint: activemq://operations due to: No component found with scheme: activemq
	at org.apache.camel.model.RouteDefinition.addRoutes(RouteDefinition.java:879)
	at org.apache.camel.model.RouteDefinition.addRoutes(RouteDefinition.java:172)
	at org.apache.camel.impl.DefaultCamelContext.startRoute(DefaultCamelContext.java:722)
	at org.apache.camel.impl.DefaultCamelContext.startRouteDefinitions(DefaultCamelContext.java:1789)
	at org.apache.camel.impl.DefaultCamelContext.doStartCamel(DefaultCamelContext.java:1575)
	at org.apache.camel.impl.DefaultCamelContext.doStart(DefaultCamelContext.java:1444)
	at org.apache.camel.support.ServiceSupport.start(ServiceSupport.java:60)
	at org.apache.camel.impl.DefaultCamelContext.start(DefaultCamelContext.java:1412)
	at org.apache.camel.test.junit4.CamelTestSupport.startCamelContext(CamelTestSupport.java:449)
	at org.apache.camel.test.junit4.CamelTestSupport.doSetUp(CamelTestSupport.java:305)
	at org.apache.camel.test.junit4.CamelTestSupport.setUp(CamelTestSupport.java:217)
	at sun.reflect.NativeMethodAccessorImpl.invoke0(Native Method)
	at sun.reflect.NativeMethodAccessorImpl.invoke(NativeMethodAccessorImpl.java:39)
	at sun.reflect.DelegatingMethodAccessorImpl.invoke(DelegatingMethodAccessorImpl.java:25)
	at java.lang.reflect.Method.invoke(Method.java:597)
	at org.junit.runners.model.FrameworkMethod$1.runReflectiveCall(FrameworkMethod.java:47)
	at org.junit.internal.runners.model.ReflectiveCallable.run(ReflectiveCallable.java:12)
	at org.junit.runners.model.FrameworkMethod.invokeExplosively(FrameworkMethod.java:44)
	at org.junit.internal.runners.statements.RunBefores.evaluate(RunBefores.java:24)
	at org.junit.internal.runners.statements.RunAfters.evaluate(RunAfters.java:27)
	at org.junit.rules.TestWatcher$1.evaluate(TestWatcher.java:55)
	at org.junit.rules.RunRules.evaluate(RunRules.java:20)
	at org.junit.runners.ParentRunner.runLeaf(ParentRunner.java:271)
	at org.junit.runners.BlockJUnit4ClassRunner.runChild(BlockJUnit4ClassRunner.java:70)
	at org.junit.runners.BlockJUnit4ClassRunner.runChild(BlockJUnit4ClassRunner.java:50)
	at org.junit.runners.ParentRunner$3.run(ParentRunner.java:238)
	at org.junit.runners.ParentRunner$1.schedule(ParentRunner.java:63)
	at org.junit.runners.ParentRunner.runChildren(ParentRunner.java:236)
	at org.junit.runners.ParentRunner.access$000(ParentRunner.java:53)
	at org.junit.runners.ParentRunner$2.evaluate(ParentRunner.java:229)
	at org.junit.internal.runners.statements.RunAfters.evaluate(RunAfters.java:27)
	at org.junit.runners.ParentRunner.run(ParentRunner.java:309)
	at org.apache.maven.surefire.junit4.JUnit4TestSet.execute(JUnit4TestSet.java:53)
	at org.apache.maven.surefire.junit4.JUnit4Provider.executeTestSet(JUnit4Provider.java:123)
	at org.apache.maven.surefire.junit4.JUnit4Provider.invoke(JUnit4Provider.java:104)
	at sun.reflect.NativeMethodAccessorImpl.invoke0(Native Method)
	at sun.reflect.NativeMethodAccessorImpl.invoke(NativeMethodAccessorImpl.java:39)
	at sun.reflect.DelegatingMethodAccessorImpl.invoke(DelegatingMethodAccessorImpl.java:25)
	at java.lang.reflect.Method.invoke(Method.java:597)
	at org.apache.maven.surefire.util.ReflectionUtils.invokeMethodWithArray(ReflectionUtils.java:164)
	at org.apache.maven.surefire.booter.ProviderFactory$ProviderProxy.invoke(ProviderFactory.java:110)
	at org.apache.maven.surefire.booter.SurefireStarter.invokeProvider(SurefireStarter.java:175)
	at org.apache.maven.surefire.booter.SurefireStarter.runSuitesInProcessWhenForked(SurefireStarter.java:107)
	at org.apache.maven.surefire.booter.ForkedBooter.main(ForkedBooter.java:68)
Caused by: org.apache.camel.ResolveEndpointFailedException: Failed to resolve endpoint: activemq://operations due to: No component found with scheme: activemq
	at org.apache.camel.impl.DefaultCamelContext.getEndpoint(DefaultCamelContext.java:485)
	at org.apache.camel.util.CamelContextHelper.getMandatoryEndpoint(CamelContextHelper.java:50)
	at org.apache.camel.model.RouteDefinition.resolveEndpoint(RouteDefinition.java:187)
	at org.apache.camel.impl.DefaultRouteContext.resolveEndpoint(DefaultRouteContext.java:108)
	at org.apache.camel.impl.DefaultRouteContext.resolveEndpoint(DefaultRouteContext.java:114)
	at org.apache.camel.model.SendDefinition.resolveEndpoint(SendDefinition.java:61)
	at org.apache.camel.model.SendDefinition.createProcessor(SendDefinition.java:55)
	at org.apache.camel.model.ProcessorDefinition.makeProcessor(ProcessorDefinition.java:461)
	at org.apache.camel.model.ProcessorDefinition.addRoutes(ProcessorDefinition.java:179)
	at org.apache.camel.model.RouteDefinition.addRoutes(RouteDefinition.java:876)
	... 43 more
